Flow report for DE2_115
Wed Jan 27 16:45:13 2016
Quartus Prime Version 15.1.0 Build 185 10/21/2015 SJ Standard Edition


---------------------
; Table of Contents ;
---------------------
  1. Legal Notice
  2. Flow Summary
  3. Flow Settings
  4. Flow Non-Default Global Settings
  5. Flow Elapsed Time
  6. Flow OS Summary
  7. Flow Log
  8. Flow Messages
  9. Flow Suppressed Messages



----------------
; Legal Notice ;
----------------
Copyright (C) 1991-2015 Altera Corporation. All rights reserved.
Your use of Altera Corporation's design tools, logic functions 
and other software and tools, and its AMPP partner logic 
functions, and any output files from any of the foregoing 
(including device programming or simulation files), and any 
associated documentation or information are expressly subject 
to the terms and conditions of the Altera Program License 
Subscription Agreement, the Altera Quartus Prime License Agreement,
the Altera MegaCore Function License Agreement, or other 
applicable license agreement, including, without limitation, 
that your use is for the sole purpose of programming logic 
devices manufactured by Altera and sold by Altera or its 
authorized distributors.  Please refer to the applicable 
agreement for further details.



+--------------------------------------------------------------------------------------+
; Flow Summary                                                                         ;
+------------------------------------+-------------------------------------------------+
; Flow Status                        ; Successful - Wed Jan 27 16:45:12 2016           ;
; Quartus Prime Version              ; 15.1.0 Build 185 10/21/2015 SJ Standard Edition ;
; Revision Name                      ; DE2_115                                         ;
; Top-level Entity Name              ; DE2_115                                         ;
; Family                             ; Cyclone IV E                                    ;
; Device                             ; EP4CE115F29C7                                   ;
; Timing Models                      ; Final                                           ;
; Total logic elements               ; 61,985                                          ;
;     Total combinational functions  ; 59,113                                          ;
;     Dedicated logic registers      ; 11,281                                          ;
; Total registers                    ; 11281                                           ;
; Total pins                         ; 341                                             ;
; Total virtual pins                 ; 0                                               ;
; Total memory bits                  ; 311,552                                         ;
; Embedded Multiplier 9-bit elements ; 52                                              ;
; Total PLLs                         ; 1                                               ;
+------------------------------------+-------------------------------------------------+


+-----------------------------------------+
; Flow Settings                           ;
+-------------------+---------------------+
; Option            ; Setting             ;
+-------------------+---------------------+
; Start date & time ; 01/27/2016 16:41:22 ;
; Main task         ; Compilation         ;
; Revision Name     ; DE2_115             ;
+-------------------+---------------------+


+-----------------------------------------------------------------------------------------------------------------------------------------------+
; Flow Non-Default Global Settings                                                                                                              ;
+--------------------------------------+--------------------------------------------------------+---------------+--------------+----------------+
; Assignment Name                      ; Value                                                  ; Default Value ; Entity Name  ; Section Id     ;
+--------------------------------------+--------------------------------------------------------+---------------+--------------+----------------+
; COMPILER_SIGNATURE_ID                ; 0.145388408210037                                      ; --            ; --           ; --             ;
; EDA_OUTPUT_DATA_FORMAT               ; Systemverilog Hdl                                      ; --            ; --           ; eda_simulation ;
; EDA_SIMULATION_TOOL                  ; ModelSim-Altera (SystemVerilog)                        ; <None>        ; --           ; --             ;
; FITTER_EFFORT                        ; Standard Fit                                           ; Auto Fit      ; --           ; --             ;
; MAX_CORE_JUNCTION_TEMP               ; 85                                                     ; --            ; --           ; --             ;
; MESSAGE_DISABLE                      ; 270007                                                 ; --            ; FFT_fft_ii_0 ; --             ;
; MIN_CORE_JUNCTION_TEMP               ; 0                                                      ; --            ; --           ; --             ;
; MISC_FILE                            ; qsys/easy/synthesis/../easy.cmp                        ; --            ; --           ; --             ;
; MISC_FILE                            ; qsys/easy/synthesis/../../easy.qsys                    ; --            ; --           ; --             ;
; MISC_FILE                            ; FFT/synthesis/../FFT.cmp                               ; --            ; --           ; --             ;
; MISC_FILE                            ; FFT/synthesis/../../FFT.qsys                           ; --            ; --           ; --             ;
; NOMINAL_CORE_SUPPLY_VOLTAGE          ; 1.2V                                                   ; --            ; --           ; --             ;
; NUM_PARALLEL_PROCESSORS              ; All                                                    ; --            ; --           ; --             ;
; OPTIMIZATION_MODE                    ; High Performance Effort                                ; Balanced      ; --           ; --             ;
; PARTITION_COLOR                      ; 16764057                                               ; --            ; --           ; Top            ;
; PARTITION_FITTER_PRESERVATION_LEVEL  ; PLACEMENT_AND_ROUTING                                  ; --            ; --           ; Top            ;
; PARTITION_NETLIST_TYPE               ; SOURCE                                                 ; --            ; --           ; Top            ;
; PHYSICAL_SYNTHESIS_COMBO_LOGIC       ; On                                                     ; Off           ; --           ; --             ;
; PHYSICAL_SYNTHESIS_REGISTER_RETIMING ; On                                                     ; Off           ; --           ; --             ;
; PLACEMENT_EFFORT_MULTIPLIER          ; 4.0                                                    ; 1.0           ; --           ; --             ;
; POWER_BOARD_THERMAL_MODEL            ; None (CONSERVATIVE)                                    ; --            ; --           ; --             ;
; POWER_PRESET_COOLING_SOLUTION        ; 23 MM HEAT SINK WITH 200 LFPM AIRFLOW                  ; --            ; --           ; --             ;
; PROJECT_OUTPUT_DIRECTORY             ; output_files                                           ; --            ; --           ; --             ;
; ROUTER_TIMING_OPTIMIZATION_LEVEL     ; MAXIMUM                                                ; Normal        ; --           ; --             ;
; SLD_FILE                             ; qsys/easy/synthesis/easy.debuginfo                     ; --            ; --           ; --             ;
; SLD_FILE                             ; FFT/synthesis/FFT.debuginfo                            ; --            ; --           ; --             ;
; SLD_INFO                             ; QSYS_NAME FFT HAS_SOPCINFO 1 GENERATION_ID 1453829247  ; --            ; FFT          ; --             ;
; SLD_INFO                             ; QSYS_NAME easy HAS_SOPCINFO 1 GENERATION_ID 1453733795 ; --            ; easy         ; --             ;
; SMART_RECOMPILE                      ; On                                                     ; Off           ; --           ; --             ;
; SOPCINFO_FILE                        ; qsys/easy/synthesis/../../easy.sopcinfo                ; --            ; --           ; --             ;
; SOPCINFO_FILE                        ; FFT/synthesis/../../FFT.sopcinfo                       ; --            ; --           ; --             ;
; SPECTRAQ_PHYSICAL_SYNTHESIS          ; On                                                     ; Off           ; --           ; --             ;
; SYNTHESIS_ONLY_QIP                   ; On                                                     ; --            ; --           ; --             ;
; SYNTHESIS_ONLY_QIP                   ; On                                                     ; --            ; --           ; --             ;
; VERILOG_INPUT_VERSION                ; SystemVerilog_2005                                     ; Verilog_2001  ; --           ; --             ;
; VERILOG_SHOW_LMF_MAPPING_MESSAGES    ; Off                                                    ; --            ; --           ; --             ;
+--------------------------------------+--------------------------------------------------------+---------------+--------------+----------------+


+--------------------------------------------------------------------------------------------------------------------------+
; Flow Elapsed Time                                                                                                        ;
+----------------------+--------------+-------------------------+---------------------+------------------------------------+
; Module Name          ; Elapsed Time ; Average Processors Used ; Peak Virtual Memory ; Total CPU Time (on all processors) ;
+----------------------+--------------+-------------------------+---------------------+------------------------------------+
; Analysis & Synthesis ; 00:03:43     ; 1.0                     ; 1863 MB             ; 00:04:34                           ;
; Total                ; 00:03:43     ; --                      ; --                  ; 00:04:34                           ;
+----------------------+--------------+-------------------------+---------------------+------------------------------------+


+--------------------------------------------------------------------------------------+
; Flow OS Summary                                                                      ;
+----------------------+------------------+--------------+------------+----------------+
; Module Name          ; Machine Hostname ; OS Name      ; OS Version ; Processor type ;
+----------------------+------------------+--------------+------------+----------------+
; Analysis & Synthesis ; quartus-dclab    ; Ubuntu 15.10 ; 15         ; x86_64         ;
+----------------------+------------------+--------------+------------+----------------+


------------
; Flow Log ;
------------
quartus_map --read_settings_files=on --write_settings_files=off DE2_115 -c DE2_115



